<?xml version="1.0" encoding="UTF-8"?>
<testsuite xmlns:xsi="http://www.w3.org/2001/XMLSchema-instance" xsi:noNamespaceSchemaLocation="https://maven.apache.org/surefire/maven-surefire-plugin/xsd/surefire-test-report.xsd" name="com.epam.esm.dao.impl.OrderDaoImplTest" time="0.122" tests="5" errors="0" skipped="0" failures="0">
  <properties>
[...]
</properties>
  <testcase name="findByIdNegativeTest" classname="com.epam.esm.dao.impl.OrderDaoImplTest" time="0.002"/>
  <testcase name="findAllTest{List}[1]" classname="com.epam.esm.dao.impl.OrderDaoImplTest" time="0.011"/>
  <testcase name="findAllNegativeTest{List}[1]" classname="com.epam.esm.dao.impl.OrderDaoImplTest" time="0.01"/>
  <testcase name="findByIdTest" classname="com.epam.esm.dao.impl.OrderDaoImplTest" time="0.004"/>
  <testcase name="deleteTest" classname="com.epam.esm.dao.impl.OrderDaoImplTest" time="0.033"/>
</testsuite>